[INFO ] 09-04-2024 23:33:36 [AWT-EventQueue-0] LogHelper - HHH000204: Processing PersistenceUnitInfo [name: JPA_ORM_Student MSSQL]
[INFO ] 09-04-2024 23:33:36 [AWT-EventQueue-0] Version - HHH000412: Hibernate ORM core version 6.4.4.Final
[INFO ] 09-04-2024 23:33:36 [AWT-EventQueue-0] RegionFactoryInitiator - HHH000026: Second-level cache disabled
[WARN ] 09-04-2024 23:33:37 [AWT-EventQueue-0] pooling - HHH10001002: Using built-in connection pool (not intended for production use)
[INFO ] 09-04-2024 23:33:37 [AWT-EventQueue-0] pooling - HHH10001005: Loaded JDBC driver class: com.microsoft.sqlserver.jdbc.SQLServerDriver
[INFO ] 09-04-2024 23:33:37 [AWT-EventQueue-0] pooling - HHH10001012: Connecting with JDBC URL [jdbc:sqlserver://localhost:1433;databaseName=QLHieuSach;trustServerCertificate=true]
[INFO ] 09-04-2024 23:33:37 [AWT-EventQueue-0] pooling - HHH10001001: Connection properties: {password=****, user=sa}
[INFO ] 09-04-2024 23:33:37 [AWT-EventQueue-0] pooling - HHH10001003: Autocommit mode: false
[INFO ] 09-04-2024 23:33:37 [AWT-EventQueue-0] pooling - HHH10001115: Connection pool size: 20 (min=1)
[WARN ] 09-04-2024 23:33:38 [AWT-EventQueue-0] RootClass - HHH000038: Composite-id class does not override equals(): models.DetailsBill
[WARN ] 09-04-2024 23:33:38 [AWT-EventQueue-0] RootClass - HHH000039: Composite-id class does not override hashCode(): models.DetailsBill
[WARN ] 09-04-2024 23:33:38 [AWT-EventQueue-0] RootClass - HHH000038: Composite-id class does not override equals(): models.Account
[WARN ] 09-04-2024 23:33:38 [AWT-EventQueue-0] RootClass - HHH000039: Composite-id class does not override hashCode(): models.Account
[INFO ] 09-04-2024 23:33:39 [AWT-EventQueue-0] JtaPlatformInitiator - HHH000489: No JTA platform available (set 'hibernate.transaction.jta.platform' to enable JTA platform integration)
[INFO ] 09-04-2024 23:33:39 [AWT-EventQueue-0] access - HHH10001501: Connection obtained from JdbcConnectionAccess [org.hibernate.engine.jdbc.env.internal.JdbcEnvironmentInitiator$ConnectionProviderJdbcConnectionAccess@51f062cd] for (non-JTA) DDL execution was not in auto-commit mode; the Connection 'local transaction' will be committed and the Connection will be set into auto-commit mode.
[INFO ] 09-04-2024 23:40:43 [AWT-EventQueue-0] LogHelper - HHH000204: Processing PersistenceUnitInfo [name: JPA_ORM_Student MSSQL]
[INFO ] 09-04-2024 23:40:43 [AWT-EventQueue-0] Version - HHH000412: Hibernate ORM core version 6.4.4.Final
[INFO ] 09-04-2024 23:40:43 [AWT-EventQueue-0] RegionFactoryInitiator - HHH000026: Second-level cache disabled
[WARN ] 09-04-2024 23:40:44 [AWT-EventQueue-0] pooling - HHH10001002: Using built-in connection pool (not intended for production use)
[INFO ] 09-04-2024 23:40:44 [AWT-EventQueue-0] pooling - HHH10001005: Loaded JDBC driver class: com.microsoft.sqlserver.jdbc.SQLServerDriver
[INFO ] 09-04-2024 23:40:44 [AWT-EventQueue-0] pooling - HHH10001012: Connecting with JDBC URL [jdbc:sqlserver://localhost:1433;databaseName=QLHieuSach;trustServerCertificate=true]
[INFO ] 09-04-2024 23:40:44 [AWT-EventQueue-0] pooling - HHH10001001: Connection properties: {password=****, user=sa}
[INFO ] 09-04-2024 23:40:44 [AWT-EventQueue-0] pooling - HHH10001003: Autocommit mode: false
[INFO ] 09-04-2024 23:40:44 [AWT-EventQueue-0] pooling - HHH10001115: Connection pool size: 20 (min=1)
[WARN ] 09-04-2024 23:40:45 [AWT-EventQueue-0] RootClass - HHH000038: Composite-id class does not override equals(): models.DetailsBill
[WARN ] 09-04-2024 23:40:45 [AWT-EventQueue-0] RootClass - HHH000039: Composite-id class does not override hashCode(): models.DetailsBill
[WARN ] 09-04-2024 23:40:45 [AWT-EventQueue-0] RootClass - HHH000038: Composite-id class does not override equals(): models.Account
[WARN ] 09-04-2024 23:40:45 [AWT-EventQueue-0] RootClass - HHH000039: Composite-id class does not override hashCode(): models.Account
[INFO ] 09-04-2024 23:40:46 [AWT-EventQueue-0] JtaPlatformInitiator - HHH000489: No JTA platform available (set 'hibernate.transaction.jta.platform' to enable JTA platform integration)
[INFO ] 09-04-2024 23:40:46 [AWT-EventQueue-0] access - HHH10001501: Connection obtained from JdbcConnectionAccess [org.hibernate.engine.jdbc.env.internal.JdbcEnvironmentInitiator$ConnectionProviderJdbcConnectionAccess@489e6743] for (non-JTA) DDL execution was not in auto-commit mode; the Connection 'local transaction' will be committed and the Connection will be set into auto-commit mode.
[INFO ] 09-04-2024 23:50:52 [AWT-EventQueue-0] LogHelper - HHH000204: Processing PersistenceUnitInfo [name: JPA_ORM_Student MSSQL]
[INFO ] 09-04-2024 23:50:52 [AWT-EventQueue-0] Version - HHH000412: Hibernate ORM core version 6.4.4.Final
[INFO ] 09-04-2024 23:50:52 [AWT-EventQueue-0] RegionFactoryInitiator - HHH000026: Second-level cache disabled
[WARN ] 09-04-2024 23:50:52 [AWT-EventQueue-0] pooling - HHH10001002: Using built-in connection pool (not intended for production use)
[INFO ] 09-04-2024 23:50:53 [AWT-EventQueue-0] pooling - HHH10001005: Loaded JDBC driver class: com.microsoft.sqlserver.jdbc.SQLServerDriver
[INFO ] 09-04-2024 23:50:53 [AWT-EventQueue-0] pooling - HHH10001012: Connecting with JDBC URL [jdbc:sqlserver://localhost:1433;databaseName=QLHieuSach;trustServerCertificate=true]
[INFO ] 09-04-2024 23:50:53 [AWT-EventQueue-0] pooling - HHH10001001: Connection properties: {password=****, user=sa}
[INFO ] 09-04-2024 23:50:53 [AWT-EventQueue-0] pooling - HHH10001003: Autocommit mode: false
[INFO ] 09-04-2024 23:50:53 [AWT-EventQueue-0] pooling - HHH10001115: Connection pool size: 20 (min=1)
[WARN ] 09-04-2024 23:50:54 [AWT-EventQueue-0] RootClass - HHH000038: Composite-id class does not override equals(): models.DetailsBill
[WARN ] 09-04-2024 23:50:54 [AWT-EventQueue-0] RootClass - HHH000039: Composite-id class does not override hashCode(): models.DetailsBill
[WARN ] 09-04-2024 23:50:54 [AWT-EventQueue-0] RootClass - HHH000038: Composite-id class does not override equals(): models.Account
[WARN ] 09-04-2024 23:50:54 [AWT-EventQueue-0] RootClass - HHH000039: Composite-id class does not override hashCode(): models.Account
[INFO ] 09-04-2024 23:50:55 [AWT-EventQueue-0] JtaPlatformInitiator - HHH000489: No JTA platform available (set 'hibernate.transaction.jta.platform' to enable JTA platform integration)
[INFO ] 09-04-2024 23:50:55 [AWT-EventQueue-0] access - HHH10001501: Connection obtained from JdbcConnectionAccess [org.hibernate.engine.jdbc.env.internal.JdbcEnvironmentInitiator$ConnectionProviderJdbcConnectionAccess@2e3b080c] for (non-JTA) DDL execution was not in auto-commit mode; the Connection 'local transaction' will be committed and the Connection will be set into auto-commit mode.
[INFO ] 09-04-2024 23:57:46 [AWT-EventQueue-0] LogHelper - HHH000204: Processing PersistenceUnitInfo [name: JPA_ORM_Student MSSQL]
[INFO ] 09-04-2024 23:57:46 [AWT-EventQueue-0] Version - HHH000412: Hibernate ORM core version 6.4.4.Final
[INFO ] 09-04-2024 23:57:46 [AWT-EventQueue-0] RegionFactoryInitiator - HHH000026: Second-level cache disabled
[WARN ] 09-04-2024 23:57:46 [AWT-EventQueue-0] pooling - HHH10001002: Using built-in connection pool (not intended for production use)
[INFO ] 09-04-2024 23:57:46 [AWT-EventQueue-0] pooling - HHH10001005: Loaded JDBC driver class: com.microsoft.sqlserver.jdbc.SQLServerDriver
[INFO ] 09-04-2024 23:57:46 [AWT-EventQueue-0] pooling - HHH10001012: Connecting with JDBC URL [jdbc:sqlserver://localhost:1433;databaseName=QLHieuSach;trustServerCertificate=true]
[INFO ] 09-04-2024 23:57:46 [AWT-EventQueue-0] pooling - HHH10001001: Connection properties: {password=****, user=sa}
[INFO ] 09-04-2024 23:57:46 [AWT-EventQueue-0] pooling - HHH10001003: Autocommit mode: false
[INFO ] 09-04-2024 23:57:46 [AWT-EventQueue-0] pooling - HHH10001115: Connection pool size: 20 (min=1)
[WARN ] 09-04-2024 23:57:47 [AWT-EventQueue-0] RootClass - HHH000038: Composite-id class does not override equals(): models.DetailsBill
[WARN ] 09-04-2024 23:57:47 [AWT-EventQueue-0] RootClass - HHH000039: Composite-id class does not override hashCode(): models.DetailsBill
[WARN ] 09-04-2024 23:57:47 [AWT-EventQueue-0] RootClass - HHH000038: Composite-id class does not override equals(): models.Account
[WARN ] 09-04-2024 23:57:47 [AWT-EventQueue-0] RootClass - HHH000039: Composite-id class does not override hashCode(): models.Account
[INFO ] 09-04-2024 23:57:48 [AWT-EventQueue-0] JtaPlatformInitiator - HHH000489: No JTA platform available (set 'hibernate.transaction.jta.platform' to enable JTA platform integration)
[INFO ] 09-04-2024 23:57:49 [AWT-EventQueue-0] access - HHH10001501: Connection obtained from JdbcConnectionAccess [org.hibernate.engine.jdbc.env.internal.JdbcEnvironmentInitiator$ConnectionProviderJdbcConnectionAccess@489e6743] for (non-JTA) DDL execution was not in auto-commit mode; the Connection 'local transaction' will be committed and the Connection will be set into auto-commit mode.
[INFO ] 09-04-2024 23:59:05 [AWT-EventQueue-0] LogHelper - HHH000204: Processing PersistenceUnitInfo [name: JPA_ORM_Student MSSQL]
[INFO ] 09-04-2024 23:59:05 [AWT-EventQueue-0] Version - HHH000412: Hibernate ORM core version 6.4.4.Final
[INFO ] 09-04-2024 23:59:05 [AWT-EventQueue-0] RegionFactoryInitiator - HHH000026: Second-level cache disabled
[WARN ] 09-04-2024 23:59:05 [AWT-EventQueue-0] pooling - HHH10001002: Using built-in connection pool (not intended for production use)
[INFO ] 09-04-2024 23:59:05 [AWT-EventQueue-0] pooling - HHH10001005: Loaded JDBC driver class: com.microsoft.sqlserver.jdbc.SQLServerDriver
[INFO ] 09-04-2024 23:59:05 [AWT-EventQueue-0] pooling - HHH10001012: Connecting with JDBC URL [jdbc:sqlserver://localhost:1433;databaseName=QLHieuSach;trustServerCertificate=true]
[INFO ] 09-04-2024 23:59:05 [AWT-EventQueue-0] pooling - HHH10001001: Connection properties: {password=****, user=sa}
[INFO ] 09-04-2024 23:59:05 [AWT-EventQueue-0] pooling - HHH10001003: Autocommit mode: false
[INFO ] 09-04-2024 23:59:05 [AWT-EventQueue-0] pooling - HHH10001115: Connection pool size: 20 (min=1)
[WARN ] 09-04-2024 23:59:06 [AWT-EventQueue-0] RootClass - HHH000038: Composite-id class does not override equals(): models.DetailsBill
[WARN ] 09-04-2024 23:59:06 [AWT-EventQueue-0] RootClass - HHH000039: Composite-id class does not override hashCode(): models.DetailsBill
[WARN ] 09-04-2024 23:59:06 [AWT-EventQueue-0] RootClass - HHH000038: Composite-id class does not override equals(): models.Account
[WARN ] 09-04-2024 23:59:06 [AWT-EventQueue-0] RootClass - HHH000039: Composite-id class does not override hashCode(): models.Account
[INFO ] 09-04-2024 23:59:07 [AWT-EventQueue-0] JtaPlatformInitiator - HHH000489: No JTA platform available (set 'hibernate.transaction.jta.platform' to enable JTA platform integration)
[INFO ] 09-04-2024 23:59:08 [AWT-EventQueue-0] access - HHH10001501: Connection obtained from JdbcConnectionAccess [org.hibernate.engine.jdbc.env.internal.JdbcEnvironmentInitiator$ConnectionProviderJdbcConnectionAccess@51f062cd] for (non-JTA) DDL execution was not in auto-commit mode; the Connection 'local transaction' will be committed and the Connection will be set into auto-commit mode.
[INFO ] 10-04-2024 00:29:49 [AWT-EventQueue-0] LogHelper - HHH000204: Processing PersistenceUnitInfo [name: JPA_ORM_Student MSSQL]
[INFO ] 10-04-2024 00:29:49 [AWT-EventQueue-0] Version - HHH000412: Hibernate ORM core version 6.4.4.Final
[INFO ] 10-04-2024 00:29:49 [AWT-EventQueue-0] RegionFactoryInitiator - HHH000026: Second-level cache disabled
[WARN ] 10-04-2024 00:29:49 [AWT-EventQueue-0] pooling - HHH10001002: Using built-in connection pool (not intended for production use)
[INFO ] 10-04-2024 00:29:49 [AWT-EventQueue-0] pooling - HHH10001005: Loaded JDBC driver class: com.microsoft.sqlserver.jdbc.SQLServerDriver
[INFO ] 10-04-2024 00:29:49 [AWT-EventQueue-0] pooling - HHH10001012: Connecting with JDBC URL [jdbc:sqlserver://localhost:1433;databaseName=QLHieuSach;trustServerCertificate=true]
[INFO ] 10-04-2024 00:29:49 [AWT-EventQueue-0] pooling - HHH10001001: Connection properties: {password=****, user=sa}
[INFO ] 10-04-2024 00:29:49 [AWT-EventQueue-0] pooling - HHH10001003: Autocommit mode: false
[INFO ] 10-04-2024 00:29:49 [AWT-EventQueue-0] pooling - HHH10001115: Connection pool size: 20 (min=1)
[WARN ] 10-04-2024 00:29:50 [AWT-EventQueue-0] RootClass - HHH000038: Composite-id class does not override equals(): models.DetailsBill
[WARN ] 10-04-2024 00:29:50 [AWT-EventQueue-0] RootClass - HHH000039: Composite-id class does not override hashCode(): models.DetailsBill
[WARN ] 10-04-2024 00:29:50 [AWT-EventQueue-0] RootClass - HHH000038: Composite-id class does not override equals(): models.Account
[WARN ] 10-04-2024 00:29:50 [AWT-EventQueue-0] RootClass - HHH000039: Composite-id class does not override hashCode(): models.Account
[INFO ] 10-04-2024 00:29:51 [AWT-EventQueue-0] JtaPlatformInitiator - HHH000489: No JTA platform available (set 'hibernate.transaction.jta.platform' to enable JTA platform integration)
[INFO ] 10-04-2024 00:29:52 [AWT-EventQueue-0] access - HHH10001501: Connection obtained from JdbcConnectionAccess [org.hibernate.engine.jdbc.env.internal.JdbcEnvironmentInitiator$ConnectionProviderJdbcConnectionAccess@3c70255f] for (non-JTA) DDL execution was not in auto-commit mode; the Connection 'local transaction' will be committed and the Connection will be set into auto-commit mode.
[INFO ] 10-04-2024 00:30:32 [AWT-EventQueue-0] LogHelper - HHH000204: Processing PersistenceUnitInfo [name: JPA_ORM_Student MSSQL]
[INFO ] 10-04-2024 00:30:33 [AWT-EventQueue-0] Version - HHH000412: Hibernate ORM core version 6.4.4.Final
[INFO ] 10-04-2024 00:30:33 [AWT-EventQueue-0] RegionFactoryInitiator - HHH000026: Second-level cache disabled
[WARN ] 10-04-2024 00:30:33 [AWT-EventQueue-0] pooling - HHH10001002: Using built-in connection pool (not intended for production use)
[INFO ] 10-04-2024 00:30:33 [AWT-EventQueue-0] pooling - HHH10001005: Loaded JDBC driver class: com.microsoft.sqlserver.jdbc.SQLServerDriver
[INFO ] 10-04-2024 00:30:33 [AWT-EventQueue-0] pooling - HHH10001012: Connecting with JDBC URL [jdbc:sqlserver://localhost:1433;databaseName=QLHieuSach;trustServerCertificate=true]
[INFO ] 10-04-2024 00:30:33 [AWT-EventQueue-0] pooling - HHH10001001: Connection properties: {password=****, user=sa}
[INFO ] 10-04-2024 00:30:33 [AWT-EventQueue-0] pooling - HHH10001003: Autocommit mode: false
[INFO ] 10-04-2024 00:30:33 [AWT-EventQueue-0] pooling - HHH10001115: Connection pool size: 20 (min=1)
[WARN ] 10-04-2024 00:30:34 [AWT-EventQueue-0] RootClass - HHH000038: Composite-id class does not override equals(): models.DetailsBill
[WARN ] 10-04-2024 00:30:34 [AWT-EventQueue-0] RootClass - HHH000039: Composite-id class does not override hashCode(): models.DetailsBill
[WARN ] 10-04-2024 00:30:34 [AWT-EventQueue-0] RootClass - HHH000038: Composite-id class does not override equals(): models.Account
[WARN ] 10-04-2024 00:30:34 [AWT-EventQueue-0] RootClass - HHH000039: Composite-id class does not override hashCode(): models.Account
[INFO ] 10-04-2024 00:30:35 [AWT-EventQueue-0] JtaPlatformInitiator - HHH000489: No JTA platform available (set 'hibernate.transaction.jta.platform' to enable JTA platform integration)
[INFO ] 10-04-2024 00:30:35 [AWT-EventQueue-0] access - HHH10001501: Connection obtained from JdbcConnectionAccess [org.hibernate.engine.jdbc.env.internal.JdbcEnvironmentInitiator$ConnectionProviderJdbcConnectionAccess@5a20d139] for (non-JTA) DDL execution was not in auto-commit mode; the Connection 'local transaction' will be committed and the Connection will be set into auto-commit mode.
[INFO ] 10-04-2024 23:54:46 [AWT-EventQueue-0] LogHelper - HHH000204: Processing PersistenceUnitInfo [name: JPA_ORM_Student MSSQL]
[INFO ] 10-04-2024 23:54:46 [AWT-EventQueue-0] Version - HHH000412: Hibernate ORM core version 6.4.4.Final
[INFO ] 10-04-2024 23:54:46 [AWT-EventQueue-0] RegionFactoryInitiator - HHH000026: Second-level cache disabled
[WARN ] 10-04-2024 23:54:46 [AWT-EventQueue-0] pooling - HHH10001002: Using built-in connection pool (not intended for production use)
[INFO ] 10-04-2024 23:54:46 [AWT-EventQueue-0] pooling - HHH10001005: Loaded JDBC driver class: com.microsoft.sqlserver.jdbc.SQLServerDriver
[INFO ] 10-04-2024 23:54:46 [AWT-EventQueue-0] pooling - HHH10001012: Connecting with JDBC URL [jdbc:sqlserver://localhost:1433;databaseName=QLHieuSach;trustServerCertificate=true]
[INFO ] 10-04-2024 23:54:46 [AWT-EventQueue-0] pooling - HHH10001001: Connection properties: {password=****, user=sa}
[INFO ] 10-04-2024 23:54:46 [AWT-EventQueue-0] pooling - HHH10001003: Autocommit mode: false
[INFO ] 10-04-2024 23:54:46 [AWT-EventQueue-0] pooling - HHH10001115: Connection pool size: 20 (min=1)
[INFO ] 10-04-2024 23:54:48 [AWT-EventQueue-0] pooling - HHH10001008: Cleaning up connection pool [jdbc:sqlserver://localhost:1433;databaseName=QLHieuSach;trustServerCertificate=true]
[INFO ] 10-04-2024 23:56:00 [AWT-EventQueue-0] LogHelper - HHH000204: Processing PersistenceUnitInfo [name: JPA_ORM_Student MSSQL]
[INFO ] 10-04-2024 23:56:00 [AWT-EventQueue-0] Version - HHH000412: Hibernate ORM core version 6.4.4.Final
[INFO ] 10-04-2024 23:56:00 [AWT-EventQueue-0] RegionFactoryInitiator - HHH000026: Second-level cache disabled
[WARN ] 10-04-2024 23:56:00 [AWT-EventQueue-0] pooling - HHH10001002: Using built-in connection pool (not intended for production use)
[INFO ] 10-04-2024 23:56:00 [AWT-EventQueue-0] pooling - HHH10001005: Loaded JDBC driver class: com.microsoft.sqlserver.jdbc.SQLServerDriver
[INFO ] 10-04-2024 23:56:00 [AWT-EventQueue-0] pooling - HHH10001012: Connecting with JDBC URL [jdbc:sqlserver://localhost:1433;databaseName=QLHieuSach;trustServerCertificate=true]
[INFO ] 10-04-2024 23:56:00 [AWT-EventQueue-0] pooling - HHH10001001: Connection properties: {password=****, user=sa}
[INFO ] 10-04-2024 23:56:00 [AWT-EventQueue-0] pooling - HHH10001003: Autocommit mode: false
[INFO ] 10-04-2024 23:56:00 [AWT-EventQueue-0] pooling - HHH10001115: Connection pool size: 20 (min=1)
[INFO ] 10-04-2024 23:56:01 [AWT-EventQueue-0] pooling - HHH10001008: Cleaning up connection pool [jdbc:sqlserver://localhost:1433;databaseName=QLHieuSach;trustServerCertificate=true]
[INFO ] 10-04-2024 23:56:28 [AWT-EventQueue-0] LogHelper - HHH000204: Processing PersistenceUnitInfo [name: JPA_ORM_Student MSSQL]
[INFO ] 10-04-2024 23:56:28 [AWT-EventQueue-0] Version - HHH000412: Hibernate ORM core version 6.4.4.Final
[INFO ] 10-04-2024 23:56:28 [AWT-EventQueue-0] RegionFactoryInitiator - HHH000026: Second-level cache disabled
[WARN ] 10-04-2024 23:56:28 [AWT-EventQueue-0] pooling - HHH10001002: Using built-in connection pool (not intended for production use)
[INFO ] 10-04-2024 23:56:28 [AWT-EventQueue-0] pooling - HHH10001005: Loaded JDBC driver class: com.microsoft.sqlserver.jdbc.SQLServerDriver
[INFO ] 10-04-2024 23:56:28 [AWT-EventQueue-0] pooling - HHH10001012: Connecting with JDBC URL [jdbc:sqlserver://localhost:1433;databaseName=QLHieuSach;trustServerCertificate=true]
[INFO ] 10-04-2024 23:56:28 [AWT-EventQueue-0] pooling - HHH10001001: Connection properties: {password=****, user=sa}
[INFO ] 10-04-2024 23:56:28 [AWT-EventQueue-0] pooling - HHH10001003: Autocommit mode: false
[INFO ] 10-04-2024 23:56:28 [AWT-EventQueue-0] pooling - HHH10001115: Connection pool size: 20 (min=1)
[WARN ] 10-04-2024 23:56:29 [AWT-EventQueue-0] RootClass - HHH000038: Composite-id class does not override equals(): models.DetailsBill
[WARN ] 10-04-2024 23:56:29 [AWT-EventQueue-0] RootClass - HHH000039: Composite-id class does not override hashCode(): models.DetailsBill
[WARN ] 10-04-2024 23:56:29 [AWT-EventQueue-0] RootClass - HHH000038: Composite-id class does not override equals(): models.Account
[WARN ] 10-04-2024 23:56:29 [AWT-EventQueue-0] RootClass - HHH000039: Composite-id class does not override hashCode(): models.Account
[INFO ] 10-04-2024 23:56:30 [AWT-EventQueue-0] JtaPlatformInitiator - HHH000489: No JTA platform available (set 'hibernate.transaction.jta.platform' to enable JTA platform integration)
[INFO ] 10-04-2024 23:56:30 [AWT-EventQueue-0] access - HHH10001501: Connection obtained from JdbcConnectionAccess [org.hibernate.engine.jdbc.env.internal.JdbcEnvironmentInitiator$ConnectionProviderJdbcConnectionAccess@19b6cd6] for (non-JTA) DDL execution was not in auto-commit mode; the Connection 'local transaction' will be committed and the Connection will be set into auto-commit mode.
[INFO ] 11-04-2024 00:00:07 [AWT-EventQueue-0] LogHelper - HHH000204: Processing PersistenceUnitInfo [name: JPA_ORM_Student MSSQL]
[INFO ] 11-04-2024 00:00:07 [AWT-EventQueue-0] Version - HHH000412: Hibernate ORM core version 6.4.4.Final
[INFO ] 11-04-2024 00:00:07 [AWT-EventQueue-0] RegionFactoryInitiator - HHH000026: Second-level cache disabled
[WARN ] 11-04-2024 00:00:07 [AWT-EventQueue-0] pooling - HHH10001002: Using built-in connection pool (not intended for production use)
[INFO ] 11-04-2024 00:00:07 [AWT-EventQueue-0] pooling - HHH10001005: Loaded JDBC driver class: com.microsoft.sqlserver.jdbc.SQLServerDriver
[INFO ] 11-04-2024 00:00:07 [AWT-EventQueue-0] pooling - HHH10001012: Connecting with JDBC URL [jdbc:sqlserver://localhost:1433;databaseName=QLHieuSach;trustServerCertificate=true]
[INFO ] 11-04-2024 00:00:07 [AWT-EventQueue-0] pooling - HHH10001001: Connection properties: {password=****, user=sa}
[INFO ] 11-04-2024 00:00:07 [AWT-EventQueue-0] pooling - HHH10001003: Autocommit mode: false
[INFO ] 11-04-2024 00:00:07 [AWT-EventQueue-0] pooling - HHH10001115: Connection pool size: 20 (min=1)
[WARN ] 11-04-2024 00:00:08 [AWT-EventQueue-0] RootClass - HHH000038: Composite-id class does not override equals(): models.DetailsBill
[WARN ] 11-04-2024 00:00:08 [AWT-EventQueue-0] RootClass - HHH000039: Composite-id class does not override hashCode(): models.DetailsBill
[WARN ] 11-04-2024 00:00:08 [AWT-EventQueue-0] RootClass - HHH000038: Composite-id class does not override equals(): models.Account
[WARN ] 11-04-2024 00:00:08 [AWT-EventQueue-0] RootClass - HHH000039: Composite-id class does not override hashCode(): models.Account
[INFO ] 11-04-2024 00:00:09 [AWT-EventQueue-0] JtaPlatformInitiator - HHH000489: No JTA platform available (set 'hibernate.transaction.jta.platform' to enable JTA platform integration)
[INFO ] 11-04-2024 00:00:09 [AWT-EventQueue-0] access - HHH10001501: Connection obtained from JdbcConnectionAccess [org.hibernate.engine.jdbc.env.internal.JdbcEnvironmentInitiator$ConnectionProviderJdbcConnectionAccess@6ae60bcc] for (non-JTA) DDL execution was not in auto-commit mode; the Connection 'local transaction' will be committed and the Connection will be set into auto-commit mode.
[INFO ] 11-04-2024 00:02:03 [AWT-EventQueue-0] LogHelper - HHH000204: Processing PersistenceUnitInfo [name: JPA_ORM_Student MSSQL]
[INFO ] 11-04-2024 00:02:03 [AWT-EventQueue-0] Version - HHH000412: Hibernate ORM core version 6.4.4.Final
[INFO ] 11-04-2024 00:02:03 [AWT-EventQueue-0] RegionFactoryInitiator - HHH000026: Second-level cache disabled
[WARN ] 11-04-2024 00:02:03 [AWT-EventQueue-0] pooling - HHH10001002: Using built-in connection pool (not intended for production use)
[INFO ] 11-04-2024 00:02:03 [AWT-EventQueue-0] pooling - HHH10001005: Loaded JDBC driver class: com.microsoft.sqlserver.jdbc.SQLServerDriver
[INFO ] 11-04-2024 00:02:03 [AWT-EventQueue-0] pooling - HHH10001012: Connecting with JDBC URL [jdbc:sqlserver://localhost:1433;databaseName=QLHieuSach;trustServerCertificate=true]
[INFO ] 11-04-2024 00:02:03 [AWT-EventQueue-0] pooling - HHH10001001: Connection properties: {password=****, user=sa}
[INFO ] 11-04-2024 00:02:03 [AWT-EventQueue-0] pooling - HHH10001003: Autocommit mode: false
[INFO ] 11-04-2024 00:02:03 [AWT-EventQueue-0] pooling - HHH10001115: Connection pool size: 20 (min=1)
[WARN ] 11-04-2024 00:02:04 [AWT-EventQueue-0] RootClass - HHH000038: Composite-id class does not override equals(): models.DetailsBill
[WARN ] 11-04-2024 00:02:04 [AWT-EventQueue-0] RootClass - HHH000039: Composite-id class does not override hashCode(): models.DetailsBill
[WARN ] 11-04-2024 00:02:04 [AWT-EventQueue-0] RootClass - HHH000038: Composite-id class does not override equals(): models.Account
[WARN ] 11-04-2024 00:02:04 [AWT-EventQueue-0] RootClass - HHH000039: Composite-id class does not override hashCode(): models.Account
[INFO ] 11-04-2024 00:02:05 [AWT-EventQueue-0] JtaPlatformInitiator - HHH000489: No JTA platform available (set 'hibernate.transaction.jta.platform' to enable JTA platform integration)
[INFO ] 11-04-2024 00:02:05 [AWT-EventQueue-0] access - HHH10001501: Connection obtained from JdbcConnectionAccess [org.hibernate.engine.jdbc.env.internal.JdbcEnvironmentInitiator$ConnectionProviderJdbcConnectionAccess@51b8b593] for (non-JTA) DDL execution was not in auto-commit mode; the Connection 'local transaction' will be committed and the Connection will be set into auto-commit mode.
[INFO ] 11-04-2024 00:06:40 [AWT-EventQueue-0] LogHelper - HHH000204: Processing PersistenceUnitInfo [name: JPA_ORM_Student MSSQL]
[INFO ] 11-04-2024 00:06:40 [AWT-EventQueue-0] Version - HHH000412: Hibernate ORM core version 6.4.4.Final
[INFO ] 11-04-2024 00:06:40 [AWT-EventQueue-0] RegionFactoryInitiator - HHH000026: Second-level cache disabled
[WARN ] 11-04-2024 00:06:40 [AWT-EventQueue-0] pooling - HHH10001002: Using built-in connection pool (not intended for production use)
[INFO ] 11-04-2024 00:06:40 [AWT-EventQueue-0] pooling - HHH10001005: Loaded JDBC driver class: com.microsoft.sqlserver.jdbc.SQLServerDriver
[INFO ] 11-04-2024 00:06:40 [AWT-EventQueue-0] pooling - HHH10001012: Connecting with JDBC URL [jdbc:sqlserver://localhost:1433;databaseName=QLHieuSach;trustServerCertificate=true]
[INFO ] 11-04-2024 00:06:40 [AWT-EventQueue-0] pooling - HHH10001001: Connection properties: {password=****, user=sa}
[INFO ] 11-04-2024 00:06:40 [AWT-EventQueue-0] pooling - HHH10001003: Autocommit mode: false
[INFO ] 11-04-2024 00:06:40 [AWT-EventQueue-0] pooling - HHH10001115: Connection pool size: 20 (min=1)
[WARN ] 11-04-2024 00:06:41 [AWT-EventQueue-0] RootClass - HHH000038: Composite-id class does not override equals(): models.DetailsBill
[WARN ] 11-04-2024 00:06:41 [AWT-EventQueue-0] RootClass - HHH000039: Composite-id class does not override hashCode(): models.DetailsBill
[WARN ] 11-04-2024 00:06:41 [AWT-EventQueue-0] RootClass - HHH000038: Composite-id class does not override equals(): models.Account
[WARN ] 11-04-2024 00:06:41 [AWT-EventQueue-0] RootClass - HHH000039: Composite-id class does not override hashCode(): models.Account
[INFO ] 11-04-2024 00:06:42 [AWT-EventQueue-0] JtaPlatformInitiator - HHH000489: No JTA platform available (set 'hibernate.transaction.jta.platform' to enable JTA platform integration)
[INFO ] 11-04-2024 00:06:42 [AWT-EventQueue-0] access - HHH10001501: Connection obtained from JdbcConnectionAccess [org.hibernate.engine.jdbc.env.internal.JdbcEnvironmentInitiator$ConnectionProviderJdbcConnectionAccess@665b26ec] for (non-JTA) DDL execution was not in auto-commit mode; the Connection 'local transaction' will be committed and the Connection will be set into auto-commit mode.
[INFO ] 11-04-2024 00:09:32 [AWT-EventQueue-0] LogHelper - HHH000204: Processing PersistenceUnitInfo [name: JPA_ORM_Student MSSQL]
[INFO ] 11-04-2024 00:09:32 [AWT-EventQueue-0] Version - HHH000412: Hibernate ORM core version 6.4.4.Final
[INFO ] 11-04-2024 00:09:32 [AWT-EventQueue-0] RegionFactoryInitiator - HHH000026: Second-level cache disabled
[WARN ] 11-04-2024 00:09:33 [AWT-EventQueue-0] pooling - HHH10001002: Using built-in connection pool (not intended for production use)
[INFO ] 11-04-2024 00:09:33 [AWT-EventQueue-0] pooling - HHH10001005: Loaded JDBC driver class: com.microsoft.sqlserver.jdbc.SQLServerDriver
[INFO ] 11-04-2024 00:09:33 [AWT-EventQueue-0] pooling - HHH10001012: Connecting with JDBC URL [jdbc:sqlserver://localhost:1433;databaseName=QLHieuSach;trustServerCertificate=true]
[INFO ] 11-04-2024 00:09:33 [AWT-EventQueue-0] pooling - HHH10001001: Connection properties: {password=****, user=sa}
[INFO ] 11-04-2024 00:09:33 [AWT-EventQueue-0] pooling - HHH10001003: Autocommit mode: false
[INFO ] 11-04-2024 00:09:33 [AWT-EventQueue-0] pooling - HHH10001115: Connection pool size: 20 (min=1)
[WARN ] 11-04-2024 00:09:34 [AWT-EventQueue-0] RootClass - HHH000038: Composite-id class does not override equals(): models.DetailsBill
[WARN ] 11-04-2024 00:09:34 [AWT-EventQueue-0] RootClass - HHH000039: Composite-id class does not override hashCode(): models.DetailsBill
[WARN ] 11-04-2024 00:09:34 [AWT-EventQueue-0] RootClass - HHH000038: Composite-id class does not override equals(): models.Account
[WARN ] 11-04-2024 00:09:34 [AWT-EventQueue-0] RootClass - HHH000039: Composite-id class does not override hashCode(): models.Account
[INFO ] 11-04-2024 00:09:35 [AWT-EventQueue-0] JtaPlatformInitiator - HHH000489: No JTA platform available (set 'hibernate.transaction.jta.platform' to enable JTA platform integration)
[INFO ] 11-04-2024 00:09:35 [AWT-EventQueue-0] access - HHH10001501: Connection obtained from JdbcConnectionAccess [org.hibernate.engine.jdbc.env.internal.JdbcEnvironmentInitiator$ConnectionProviderJdbcConnectionAccess@386b83cd] for (non-JTA) DDL execution was not in auto-commit mode; the Connection 'local transaction' will be committed and the Connection will be set into auto-commit mode.
[INFO ] 11-04-2024 00:12:42 [AWT-EventQueue-0] LogHelper - HHH000204: Processing PersistenceUnitInfo [name: JPA_ORM_Student MSSQL]
[INFO ] 11-04-2024 00:12:42 [AWT-EventQueue-0] Version - HHH000412: Hibernate ORM core version 6.4.4.Final
[INFO ] 11-04-2024 00:12:42 [AWT-EventQueue-0] RegionFactoryInitiator - HHH000026: Second-level cache disabled
[WARN ] 11-04-2024 00:12:42 [AWT-EventQueue-0] pooling - HHH10001002: Using built-in connection pool (not intended for production use)
[INFO ] 11-04-2024 00:12:42 [AWT-EventQueue-0] pooling - HHH10001005: Loaded JDBC driver class: com.microsoft.sqlserver.jdbc.SQLServerDriver
[INFO ] 11-04-2024 00:12:42 [AWT-EventQueue-0] pooling - HHH10001012: Connecting with JDBC URL [jdbc:sqlserver://localhost:1433;databaseName=QLHieuSach;trustServerCertificate=true]
[INFO ] 11-04-2024 00:12:42 [AWT-EventQueue-0] pooling - HHH10001001: Connection properties: {password=****, user=sa}
[INFO ] 11-04-2024 00:12:42 [AWT-EventQueue-0] pooling - HHH10001003: Autocommit mode: false
[INFO ] 11-04-2024 00:12:42 [AWT-EventQueue-0] pooling - HHH10001115: Connection pool size: 20 (min=1)
[WARN ] 11-04-2024 00:12:43 [AWT-EventQueue-0] RootClass - HHH000038: Composite-id class does not override equals(): models.DetailsBill
[WARN ] 11-04-2024 00:12:43 [AWT-EventQueue-0] RootClass - HHH000039: Composite-id class does not override hashCode(): models.DetailsBill
[WARN ] 11-04-2024 00:12:43 [AWT-EventQueue-0] RootClass - HHH000038: Composite-id class does not override equals(): models.Account
[WARN ] 11-04-2024 00:12:43 [AWT-EventQueue-0] RootClass - HHH000039: Composite-id class does not override hashCode(): models.Account
[INFO ] 11-04-2024 00:12:44 [AWT-EventQueue-0] JtaPlatformInitiator - HHH000489: No JTA platform available (set 'hibernate.transaction.jta.platform' to enable JTA platform integration)
[INFO ] 11-04-2024 00:12:44 [AWT-EventQueue-0] access - HHH10001501: Connection obtained from JdbcConnectionAccess [org.hibernate.engine.jdbc.env.internal.JdbcEnvironmentInitiator$ConnectionProviderJdbcConnectionAccess@31964c76] for (non-JTA) DDL execution was not in auto-commit mode; the Connection 'local transaction' will be committed and the Connection will be set into auto-commit mode.
